# JRE version: Java(TM) SE Runtime Environment (8.0_212-b10) (build 1.8.0_212-b10)
# Java VM: Java HotSpot(TM) 64-Bit Server VM (25.212-b10 mixed mode linux-amd64 compressed oops)
Heap:
 PSYoungGen      total 1291264K, used 995771K [0x000000076cb80000, 0x00000007c0000000, 0x00000007c0000000)
  eden space 1218048K, 75% used [0x000000076cb80000,0x00000007a5073a18,0x00000007b7100000)
  from space 73216K, 99% used [0x00000007b7100000,0x00000007bb87b448,0x00000007bb880000)
  to   space 73216K, 0% used [0x00000007bb880000,0x00000007bb880000,0x00000007c0000000)
 ParOldGen       total 403968K, used 266601K [0x00000006c6200000, 0x00000006dec80000, 0x000000076cb80000)
  object space 403968K, 65% used [0x00000006c6200000,0x00000006d665a570,0x00000006dec80000)
 Metaspace       used 77211K, capacity 85349K, committed 85504K, reserved 1122304K
  class space    used 10251K, capacity 12172K, committed 12288K, reserved 1048576K
GC Heap History (10 events):
Event: 13,466 GC heap before
{Heap before GC invocations=32 (full 3):
 PSYoungGen      total 1295872K, used 1240096K [0x000000076cb80000, 0x00000007bf700000, 0x00000007c0000000)
  eden space 1235456K, 100% used [0x000000076cb80000,0x00000007b8200000,0x00000007b8200000)
  from space 60416K, 7% used [0x00000007bbc00000,0x00000007bc088000,0x00000007bf700000)
  to   space 59392K, 0% used [0x00000007b8200000,0x00000007b8200000,0x00000007bbc00000)
 ParOldGen       total 403968K, used 187656K [0x00000006c6200000, 0x00000006dec80000, 0x000000076cb80000)
  object space 403968K, 46% used [0x00000006c6200000,0x00000006d1942070,0x00000006dec80000)
 Metaspace       used 55622K, capacity 59281K, committed 59416K, reserved 1099776K
  class space    used 7355K, capacity 8385K, committed 8448K, reserved 1048576K
Event: 13,479 GC heap after
Heap after GC invocations=32 (full 3):
 PSYoungGen      total 1294848K, used 11168K [0x000000076cb80000, 0x00000007bf700000, 0x00000007c0000000)
  eden space 1235456K, 0% used [0x000000076cb80000,0x000000076cb80000,0x00000007b8200000)
  from space 59392K, 18% used [0x00000007b8200000,0x00000007b8ce8000,0x00000007bbc00000)
  to   space 55296K, 0% used [0x00000007bc100000,0x00000007bc100000,0x00000007bf700000)
 ParOldGen       total 403968K, used 187656K [0x00000006c6200000, 0x00000006dec80000, 0x000000076cb80000)
  object space 403968K, 46% used [0x00000006c6200000,0x00000006d1942070,0x00000006dec80000)
 Metaspace       used 55622K, capacity 59281K, committed 59416K, reserved 1099776K
  class space    used 7355K, capacity 8385K, committed 8448K, reserved 1048576K
}
Event: 14,017 GC heap before
{Heap before GC invocations=33 (full 3):
 PSYoungGen      total 1294848K, used 1246624K [0x000000076cb80000, 0x00000007bf700000, 0x00000007c0000000)
  eden space 1235456K, 100% used [0x000000076cb80000,0x00000007b8200000,0x00000007b8200000)
  from space 59392K, 18% used [0x00000007b8200000,0x00000007b8ce8000,0x00000007bbc00000)
  to   space 55296K, 0% used [0x00000007bc100000,0x00000007bc100000,0x00000007bf700000)
 ParOldGen       total 403968K, used 188676K [0x00000006c6200000, 0x00000006dec80000, 0x000000076cb80000)
  object space 403968K, 46% used [0x00000006c6200000,0x00000006d1a41290,0x00000006dec80000)
 Metaspace       used 55622K, capacity 59281K, committed 59416K, reserved 1099776K
  class space    used 7355K, capacity 8385K, committed 8448K, reserved 1048576K
Event: 14,036 GC heap after
Heap after GC invocations=33 (full 3):
 PSYoungGen      total 1300992K, used 11904K [0x000000076cb80000, 0x00000007bf400000, 0x00000007c0000000)
  eden space 1248768K, 0% used [0x000000076cb80000,0x000000076cb80000,0x00000007b8f00000)
  from space 52224K, 22% used [0x00000007bc100000,0x00000007bcca0000,0x00000007bf400000)
  to   space 51200K, 0% used [0x00000007b8f00000,0x00000007b8f00000,0x00000007bc100000)
 ParOldGen       total 403968K, used 188676K [0x00000006c6200000, 0x00000006dec80000, 0x000000076cb80000)
  object space 403968K, 46% used [0x00000006c6200000,0x00000006d1a41290,0x00000006dec80000)
 Metaspace       used 55622K, capacity 59281K, committed 59416K, reserved 1099776K
  class space    used 7355K, capacity 8385K, committed 8448K, reserved 1048576K
}
Event: 15,481 GC heap before
{Heap before GC invocations=34 (full 3):
 PSYoungGen      total 1300992K, used 1260672K [0x000000076cb80000, 0x00000007bf400000, 0x00000007c0000000)
  eden space 1248768K, 100% used [0x000000076cb80000,0x00000007b8f00000,0x00000007b8f00000)
  from space 52224K, 22% used [0x00000007bc100000,0x00000007bcca0000,0x00000007bf400000)
  to   space 51200K, 0% used [0x00000007b8f00000,0x00000007b8f00000,0x00000007bc100000)
 ParOldGen       total 403968K, used 188744K [0x00000006c6200000, 0x00000006dec80000, 0x000000076cb80000)
  object space 403968K, 46% used [0x00000006c6200000,0x00000006d1a52000,0x00000006dec80000)
 Metaspace       used 56404K, capacity 60299K, committed 60544K, reserved 1101824K
  class space    used 7450K, capacity 8534K, committed 8576K, reserved 1048576K
Event: 15,514 GC heap after
Heap after GC invocations=34 (full 3):
 PSYoungGen      total 1299968K, used 31440K [0x000000076cb80000, 0x00000007c0000000, 0x00000007c0000000)
  eden space 1248768K, 0% used [0x000000076cb80000,0x000000076cb80000,0x00000007b8f00000)
  from space 51200K, 61% used [0x00000007b8f00000,0x00000007badb4390,0x00000007bc100000)
  to   space 54272K, 0% used [0x00000007bcb00000,0x00000007bcb00000,0x00000007c0000000)
 ParOldGen       total 403968K, used 188752K [0x00000006c6200000, 0x00000006dec80000, 0x000000076cb80000)
  object space 403968K, 46% used [0x00000006c6200000,0x00000006d1a54000,0x00000006dec80000)
 Metaspace       used 56404K, capacity 60299K, committed 60544K, reserved 1101824K
  class space    used 7450K, capacity 8534K, committed 8576K, reserved 1048576K
}
Event: 24,968 GC heap before
{Heap before GC invocations=35 (full 3):
 PSYoungGen      total 1299968K, used 1280208K [0x000000076cb80000, 0x00000007c0000000, 0x00000007c0000000)
  eden space 1248768K, 100% used [0x000000076cb80000,0x00000007b8f00000,0x00000007b8f00000)
  from space 51200K, 61% used [0x00000007b8f00000,0x00000007badb4390,0x00000007bc100000)
  to   space 54272K, 0% used [0x00000007bcb00000,0x00000007bcb00000,0x00000007c0000000)
 ParOldGen       total 403968K, used 188762K [0x00000006c6200000, 0x00000006dec80000, 0x000000076cb80000)
  object space 403968K, 46% used [0x00000006c6200000,0x00000006d1a568f8,0x00000006dec80000)
 Metaspace       used 61338K, capacity 66639K, committed 66816K, reserved 1105920K
  class space    used 8204K, capacity 9626K, committed 9728K, reserved 1048576K
Event: 25,023 GC heap after
Heap after GC invocations=35 (full 3):
 PSYoungGen      total 1272320K, used 54247K [0x000000076cb80000, 0x00000007c0000000, 0x00000007c0000000)
  eden space 1218048K, 0% used [0x000000076cb80000,0x000000076cb80000,0x00000007b7100000)
  from space 54272K, 99% used [0x00000007bcb00000,0x00000007bfff9fb8,0x00000007c0000000)
  to   space 73216K, 0% used [0x00000007b7100000,0x00000007b7100000,0x00000007bb880000)
 ParOldGen       total 403968K, used 210204K [0x00000006c6200000, 0x00000006dec80000, 0x000000076cb80000)
  object space 403968K, 52% used [0x00000006c6200000,0x00000006d2f47050,0x00000006dec80000)
 Metaspace       used 61338K, capacity 66639K, committed 66816K, reserved 1105920K
  class space    used 8204K, capacity 9626K, committed 9728K, reserved 1048576K
}
Event: 30,550 GC heap before
{Heap before GC invocations=36 (full 3):
 PSYoungGen      total 1272320K, used 1272295K [0x000000076cb80000, 0x00000007c0000000, 0x00000007c0000000)
  eden space 1218048K, 100% used [0x000000076cb80000,0x00000007b7100000,0x00000007b7100000)
  from space 54272K, 99% used [0x00000007bcb00000,0x00000007bfff9fb8,0x00000007c0000000)
  to   space 73216K, 0% used [0x00000007b7100000,0x00000007b7100000,0x00000007bb880000)
 ParOldGen       total 403968K, used 210204K [0x00000006c6200000, 0x00000006dec80000, 0x000000076cb80000)
  object space 403968K, 52% used [0x00000006c6200000,0x00000006d2f47050,0x00000006dec80000)
 Metaspace       used 76474K, capacity 84275K, committed 84352K, reserved 1122304K
  class space    used 10204K, capacity 12085K, committed 12160K, reserved 1048576K
Event: 30,619 GC heap after
Heap after GC invocations=36 (full 3):
 PSYoungGen      total 1291264K, used 73197K [0x000000076cb80000, 0x00000007c0000000, 0x00000007c0000000)
  eden space 1218048K, 0% used [0x000000076cb80000,0x000000076cb80000,0x00000007b7100000)
  from space 73216K, 99% used [0x00000007b7100000,0x00000007bb87b448,0x00000007bb880000)
  to   space 73216K, 0% used [0x00000007bb880000,0x00000007bb880000,0x00000007c0000000)
 ParOldGen       total 403968K, used 266601K [0x00000006c6200000, 0x00000006dec80000, 0x000000076cb80000)
  object space 403968K, 65% used [0x00000006c6200000,0x00000006d665a570,0x00000006dec80000)
 Metaspace       used 76474K, capacity 84275K, committed 84352K, reserved 1122304K
  class space    used 10204K, capacity 12085K, committed 12160K, reserved 1048576K
}

